<?xml version="1.0" encoding="UTF-8"?>
<!-- Generated by org.testng.reporters.JUnitXMLReporter -->
<testsuite ignored="0" hostname="SREEKANTH-PC" failures="3" tests="3" name="Test" time="2.119" errors="0" timestamp="2019-07-04T11:00:10 CDT">
  <testcase classname="com.apitesting.TestAPI.TestWeatherAPI" name="getWeatherInfoOfBangloreWithValidData" time="1.756">
    <failure type="java.lang.SecurityException" message="class &amp;quot;org.hamcrest.Matchers&amp;quot;&amp;apos;s signer information does not match signer information of other classes in the same package">
      <![CDATA[java.lang.SecurityException: class "org.hamcrest.Matchers"'s signer information does not match signer information of other classes in the same package
at java.base/java.lang.ClassLoader.checkCerts(ClassLoader.java:1150)
at java.base/java.lang.ClassLoader.preDefineClass(ClassLoader.java:905)
at java.base/java.lang.ClassLoader.defineClass(ClassLoader.java:1014)
at java.base/java.security.SecureClassLoader.defineClass(SecureClassLoader.java:151)
at java.base/jdk.internal.loader.BuiltinClassLoader.defineClass(BuiltinClassLoader.java:802)
at java.base/jdk.internal.loader.BuiltinClassLoader.findClassOnClassPathOrNull(BuiltinClassLoader.java:700)
at java.base/jdk.internal.loader.BuiltinClassLoader.loadClassOrNull(BuiltinClassLoader.java:623)
at java.base/jdk.internal.loader.BuiltinClassLoader.loadClass(BuiltinClassLoader.java:581)
at java.base/jdk.internal.loader.ClassLoaders$AppClassLoader.loadClass(ClassLoaders.java:178)
at java.base/java.lang.ClassLoader.loadClass(ClassLoader.java:521)
at io.restassured.internal.ResponseSpecificationImpl.statusCode(ResponseSpecificationImpl.groovy:133)
at io.restassured.internal.ValidatableResponseOptionsImpl.statusCode(ValidatableResponseOptionsImpl.java:89)
at io.restassured.internal.ValidatableResponseImpl.super$2$statusCode(ValidatableResponseImpl.groovy)
at groovy.lang.MetaMethod.doMethodInvoke(MetaMethod.java:323)
at groovy.lang.MetaClassImpl.invokeMethod(MetaClassImpl.java:1217)
at org.codehaus.groovy.runtime.ScriptBytecodeAdapter.invokeMethodOnSuperN(ScriptBytecodeAdapter.java:144)
at io.restassured.internal.ValidatableResponseImpl.statusCode(ValidatableResponseImpl.groovy:142)
at io.restassured.internal.ValidatableResponseImpl.statusCode(ValidatableResponseImpl.groovy)
at com.apitesting.TestAPI.TestWeatherAPI.getWeatherInfoOfBangloreWithValidData(TestWeatherAPI.java:25)
at java.base/java.util.ArrayList.forEach(ArrayList.java:1540)
... Removed 32 stack frames]]>
    </failure>
  </testcase> <!-- getWeatherInfoOfBangloreWithValidData -->
  <testcase classname="com.apitesting.TestAPI.TestWeatherAPI" name="getWeatherInfoOfBangloreWithValidData1" time="0.154">
    <failure type="java.lang.SecurityException" message="class &amp;quot;org.hamcrest.Matchers&amp;quot;&amp;apos;s signer information does not match signer information of other classes in the same package">
      <![CDATA[java.lang.SecurityException: class "org.hamcrest.Matchers"'s signer information does not match signer information of other classes in the same package
at java.base/java.lang.ClassLoader.checkCerts(ClassLoader.java:1150)
at java.base/java.lang.ClassLoader.preDefineClass(ClassLoader.java:905)
at java.base/java.lang.ClassLoader.defineClass(ClassLoader.java:1014)
at java.base/java.security.SecureClassLoader.defineClass(SecureClassLoader.java:151)
at java.base/jdk.internal.loader.BuiltinClassLoader.defineClass(BuiltinClassLoader.java:802)
at java.base/jdk.internal.loader.BuiltinClassLoader.findClassOnClassPathOrNull(BuiltinClassLoader.java:700)
at java.base/jdk.internal.loader.BuiltinClassLoader.loadClassOrNull(BuiltinClassLoader.java:623)
at java.base/jdk.internal.loader.BuiltinClassLoader.loadClass(BuiltinClassLoader.java:581)
at java.base/jdk.internal.loader.ClassLoaders$AppClassLoader.loadClass(ClassLoaders.java:178)
at java.base/java.lang.ClassLoader.loadClass(ClassLoader.java:521)
at io.restassured.internal.ResponseSpecificationImpl.statusCode(ResponseSpecificationImpl.groovy:133)
at io.restassured.internal.ValidatableResponseOptionsImpl.statusCode(ValidatableResponseOptionsImpl.java:89)
at io.restassured.internal.ValidatableResponseImpl.super$2$statusCode(ValidatableResponseImpl.groovy)
at groovy.lang.MetaMethod.doMethodInvoke(MetaMethod.java:323)
at groovy.lang.MetaClassImpl.invokeMethod(MetaClassImpl.java:1217)
at org.codehaus.groovy.runtime.ScriptBytecodeAdapter.invokeMethodOnSuperN(ScriptBytecodeAdapter.java:144)
at io.restassured.internal.ValidatableResponseImpl.statusCode(ValidatableResponseImpl.groovy:142)
at io.restassured.internal.ValidatableResponseImpl.statusCode(ValidatableResponseImpl.groovy)
at com.apitesting.TestAPI.TestWeatherAPI.getWeatherInfoOfBangloreWithValidData1(TestWeatherAPI.java:49)
at java.base/java.util.ArrayList.forEach(ArrayList.java:1540)
... Removed 32 stack frames]]>
    </failure>
  </testcase> <!-- getWeatherInfoOfBangloreWithValidData1 -->
  <testcase classname="com.apitesting.TestAPI.TestWeatherAPI" name="getWeatherInfoOfDelhiWithValidData" time="0.135">
    <failure type="java.lang.SecurityException" message="class &amp;quot;org.hamcrest.Matchers&amp;quot;&amp;apos;s signer information does not match signer information of other classes in the same package">
      <![CDATA[java.lang.SecurityException: class "org.hamcrest.Matchers"'s signer information does not match signer information of other classes in the same package
at java.base/java.lang.ClassLoader.checkCerts(ClassLoader.java:1150)
at java.base/java.lang.ClassLoader.preDefineClass(ClassLoader.java:905)
at java.base/java.lang.ClassLoader.defineClass(ClassLoader.java:1014)
at java.base/java.security.SecureClassLoader.defineClass(SecureClassLoader.java:151)
at java.base/jdk.internal.loader.BuiltinClassLoader.defineClass(BuiltinClassLoader.java:802)
at java.base/jdk.internal.loader.BuiltinClassLoader.findClassOnClassPathOrNull(BuiltinClassLoader.java:700)
at java.base/jdk.internal.loader.BuiltinClassLoader.loadClassOrNull(BuiltinClassLoader.java:623)
at java.base/jdk.internal.loader.BuiltinClassLoader.loadClass(BuiltinClassLoader.java:581)
at java.base/jdk.internal.loader.ClassLoaders$AppClassLoader.loadClass(ClassLoaders.java:178)
at java.base/java.lang.ClassLoader.loadClass(ClassLoader.java:521)
at io.restassured.internal.ResponseSpecificationImpl.statusCode(ResponseSpecificationImpl.groovy:133)
at io.restassured.internal.ValidatableResponseOptionsImpl.statusCode(ValidatableResponseOptionsImpl.java:89)
at io.restassured.internal.ValidatableResponseImpl.super$2$statusCode(ValidatableResponseImpl.groovy)
at groovy.lang.MetaMethod.doMethodInvoke(MetaMethod.java:323)
at groovy.lang.MetaClassImpl.invokeMethod(MetaClassImpl.java:1217)
at org.codehaus.groovy.runtime.ScriptBytecodeAdapter.invokeMethodOnSuperN(ScriptBytecodeAdapter.java:144)
at io.restassured.internal.ValidatableResponseImpl.statusCode(ValidatableResponseImpl.groovy:142)
at io.restassured.internal.ValidatableResponseImpl.statusCode(ValidatableResponseImpl.groovy)
at com.apitesting.TestAPI.TestWeatherAPI.getWeatherInfoOfDelhiWithValidData(TestWeatherAPI.java:70)
at java.base/java.util.ArrayList.forEach(ArrayList.java:1540)
... Removed 32 stack frames]]>
    </failure>
  </testcase> <!-- getWeatherInfoOfDelhiWithValidData -->
</testsuite> <!-- Test -->
